0 info it worked if it ends with ok
1 verbose cli [ 'node', '/usr/local/bin/npm', 'publish' ]
2 info using npm@2.11.1
3 info using node@v0.12.3
4 verbose publish [ '.' ]
5 silly cache add args [ '.', null ]
6 verbose cache add spec .
7 silly cache add parsed spec { raw: '.',
7 silly cache add   scope: null,
7 silly cache add   name: null,
7 silly cache add   rawSpec: '.',
7 silly cache add   spec: '/Users/mothership/Code/sanitize-filename',
7 silly cache add   type: 'directory' }
8 verbose addLocalDirectory /Users/mothership/.npm/sanitize-filename/1.0.0/package.tgz not in flight; packing
9 verbose tar pack [ '/Users/mothership/.npm/sanitize-filename/1.0.0/package.tgz',
9 verbose tar pack   '/Users/mothership/Code/sanitize-filename' ]
10 verbose tarball /Users/mothership/.npm/sanitize-filename/1.0.0/package.tgz
11 verbose folder /Users/mothership/Code/sanitize-filename
12 info prepublish sanitize-filename@1.0.0
13 verbose addLocalTarball adding from inside cache /Users/mothership/.npm/sanitize-filename/1.0.0/package.tgz
14 silly cache afterAdd sanitize-filename@1.0.0
15 verbose afterAdd /Users/mothership/.npm/sanitize-filename/1.0.0/package/package.json not in flight; writing
16 verbose afterAdd /Users/mothership/.npm/sanitize-filename/1.0.0/package/package.json written
17 silly publish { name: 'sanitize-filename',
17 silly publish   version: '1.0.0',
17 silly publish   description: 'Cleans up filenames by replacing some nasty characters',
17 silly publish   main: 'index.js',
17 silly publish   scripts: { test: 'echo "Error: no test specified" && exit 1' },
17 silly publish   author: { name: 'Dan Ryan' },
17 silly publish   license: 'ISC',
17 silly publish   dependencies: { lodash: '^3.9.3' },
17 silly publish   gitHead: 'b0a19f54fac37e1adb51af276ff21eab1d32438f',
17 silly publish   readme: 'ERROR: No README data found!',
17 silly publish   _id: 'sanitize-filename@1.0.0',
17 silly publish   _shasum: '6107b9f70439527866baed4c78c5824c0babbe62',
17 silly publish   _from: '.' }
18 verbose getPublishConfig undefined
19 silly mapToRegistry name sanitize-filename
20 silly mapToRegistry scope (from config) @drdanryan
21 verbose mapToRegistry no registry URL found in config for scope @drdanryan
22 silly mapToRegistry using default registry
23 silly mapToRegistry registry https://registry.npmjs.org/
24 silly mapToRegistry uri https://registry.npmjs.org/sanitize-filename
25 verbose publish registryBase https://registry.npmjs.org/
26 silly publish uploading /Users/mothership/.npm/sanitize-filename/1.0.0/package.tgz
27 verbose request uri https://registry.npmjs.org/sanitize-filename
28 verbose request sending authorization for write operation
29 info attempt registry request try #1 at 5:13:45 PM
30 verbose request using bearer token for auth
31 verbose request id c7079f6f86616b1a
32 http request PUT https://registry.npmjs.org/sanitize-filename
33 http 403 https://registry.npmjs.org/sanitize-filename
34 verbose headers { 'content-type': 'application/json',
34 verbose headers   'cache-control': 'max-age=60',
34 verbose headers   'content-length': '109',
34 verbose headers   'accept-ranges': 'bytes',
34 verbose headers   date: 'Tue, 09 Jun 2015 21:13:46 GMT',
34 verbose headers   via: '1.1 varnish',
34 verbose headers   connection: 'keep-alive',
34 verbose headers   'x-served-by': 'cache-atl6222-ATL',
34 verbose headers   'x-cache': 'MISS',
34 verbose headers   'x-cache-hits': '0',
34 verbose headers   'x-timer': 'S1433884425.633549,VS0,VE377' }
35 verbose request invalidating /Users/mothership/.npm/registry.npmjs.org/sanitize-filename on PUT
36 error publish Failed PUT 403
37 verbose stack Error: You do not have permission to publish 'sanitize-filename'. Are you logged in as the correct user? : sanitize-filename
37 verbose stack     at CachingRegistryClient.<anonymous> (/usr/local/lib/node_modules/npm/node_modules/npm-registry-client/lib/request.js:247:14)
37 verbose stack     at Request._callback (/usr/local/lib/node_modules/npm/node_modules/npm-registry-client/lib/request.js:170:14)
37 verbose stack     at Request.self.callback (/usr/local/lib/node_modules/npm/node_modules/request/request.js:354:22)
37 verbose stack     at Request.emit (events.js:110:17)
37 verbose stack     at Request.<anonymous> (/usr/local/lib/node_modules/npm/node_modules/request/request.js:1207:14)
37 verbose stack     at Request.emit (events.js:129:20)
37 verbose stack     at IncomingMessage.<anonymous> (/usr/local/lib/node_modules/npm/node_modules/request/request.js:1153:12)
37 verbose stack     at IncomingMessage.emit (events.js:129:20)
37 verbose stack     at _stream_readable.js:908:16
37 verbose stack     at process._tickCallback (node.js:355:11)
38 verbose statusCode 403
39 verbose pkgid sanitize-filename
40 verbose cwd /Users/mothership/Code/sanitize-filename
41 error Darwin 14.3.0
42 error argv "node" "/usr/local/bin/npm" "publish"
43 error node v0.12.3
44 error npm  v2.11.1
45 error code E403
46 error You do not have permission to publish 'sanitize-filename'. Are you logged in as the correct user? : sanitize-filename
47 error If you need help, you may report this error at:
47 error     <https://github.com/npm/npm/issues>
48 verbose exit [ 1, true ]
